[    0.000000] Initializing cgroup subsys cpuset
[    0.000000] Initializing cgroup subsys cpu
[    0.000000] Initializing cgroup subsys cpuacct
[    0.000000] Linux version 4.4.0-98-generic (buildd@lcy01-03) (gcc version 5.4.0 20160609 (Ubuntu 5.4.0-6ubuntu1~16.04.4) ) #121-Ubuntu SMP Tue Oct 10 14:24:03 UTC 2017 (Ubuntu 4.4.0-98.121-generic 4.4.90)
[    0.000000] Command line: BOOT_IMAGE=/boot/vmlinuz-4.4.0-98-generic root=UUID=b5702e2b-9f3b-42ad-8248-878e16b622c8 ro console=tty1 console=ttyS0
[    0.000000] KERNEL supported cpus:
[    0.000000]   Intel GenuineIntel
[    0.000000]   AMD AuthenticAMD
[    0.000000]   Centaur CentaurHauls
[    0.000000] x86/fpu: xstate_offset[2]:  576, xstate_sizes[2]:  256
[    0.000000] x86/fpu: Supporting XSAVE feature 0x01: 'x87 floating point registers'
[    0.000000] x86/fpu: Supporting XSAVE feature 0x02: 'SSE registers'
[    0.000000] x86/fpu: Supporting XSAVE feature 0x04: 'AVX registers'
[    0.000000] x86/fpu: Enabled xstate features 0x7, context size is 832 bytes, using 'standard' format.
[    0.000000] x86/fpu: Using 'lazy' FPU context switches.
[    0.000000] e820: BIOS-provided physical RAM map:
[    0.000000] BIOS-e820: [mem 0x0000000000000000-0x000000000009fbff] usable
[    0.000000] BIOS-e820: [mem 0x000000000009fc00-0x000000000009ffff] reserved
[    0.000000] BIOS-e820: [mem 0x00000000000f0000-0x00000000000fffff] reserved
[    0.000000] BIOS-e820: [mem 0x0000000000100000-0x000000003ffeffff] usable
[    0.000000] BIOS-e820: [mem 0x000000003fff0000-0x000000003fffffff] ACPI data
[    0.000000] BIOS-e820: [mem 0x00000000fec00000-0x00000000fec00fff] reserved
[    0.000000] BIOS-e820: [mem 0x00000000fee00000-0x00000000fee00fff] reserved
[    0.000000] BIOS-e820: [mem 0x00000000fffc0000-0x00000000ffffffff] reserved
[    0.000000] NX (Execute Disable) protection: active
[    0.000000] SMBIOS 2.5 present.
[    0.000000] Hypervisor detected: KVM
[    0.000000] e820: last_pfn = 0x3fff0 max_arch_pfn = 0x400000000
[    0.000000] MTRR: Disabled
[    0.000000] x86/PAT: MTRRs disabled, skipping PAT initialization too.
[    0.000000] CPU MTRRs all blank - virtualized system.
[    0.000000] x86/PAT: Configuration [0-7]: WB  WT  UC- UC  WB  WT  UC- UC  
[    0.000000] found SMP MP-table at [mem 0x0009fff0-0x0009ffff] mapped at [ffff88000009fff0]
[    0.000000] Scanning 1 areas for low memory corruption
[    0.000000] RAMDISK: [mem 0x36232000-0x37110fff]
[    0.000000] ACPI: Early table checksum verification disabled
[    0.000000] ACPI: RSDP 0x00000000000E0000 000024 (v02 VBOX  )
[    0.000000] ACPI: XSDT 0x000000003FFF0030 00003C (v01 VBOX   VBOXXSDT 00000001 ASL  00000061)
[    0.000000] ACPI: FACP 0x000000003FFF00F0 0000F4 (v04 VBOX   VBOXFACP 00000001 ASL  00000061)
[    0.000000] ACPI: DSDT 0x000000003FFF0470 0021C8 (v02 VBOX   VBOXBIOS 00000002 INTL 20100528)
[    0.000000] ACPI: FACS 0x000000003FFF0200 000040
[    0.000000] ACPI: FACS 0x000000003FFF0200 000040
[    0.000000] ACPI: APIC 0x000000003FFF0240 00005C (v02 VBOX   VBOXAPIC 00000001 ASL  00000061)
[    0.000000] ACPI: SSDT 0x000000003FFF02A0 0001CC (v01 VBOX   VBOXCPUT 00000002 INTL 20100528)
[    0.000000] No NUMA configuration found
[    0.000000] Faking a node at [mem 0x0000000000000000-0x000000003ffeffff]
[    0.000000] NODE_DATA(0) allocated [mem 0x3ffeb000-0x3ffeffff]
[    0.000000] kvm-clock: Using msrs 4b564d01 and 4b564d00
[    0.000000] kvm-clock: cpu 0, msr 0:3ffe3001, primary cpu clock
[    0.000000] kvm-clock: using sched offset of 3674232658 cycles
[    0.000000] clocksource: kvm-clock: mask: 0xffffffffffffffff max_cycles: 0x1cd42e4dffb, max_idle_ns: 881590591483 ns
[    0.000000] Zone ranges:
[    0.000000]   DMA      [mem 0x0000000000001000-0x0000000000ffffff]
[    0.000000]   DMA32    [mem 0x0000000001000000-0x000000003ffeffff]
[    0.000000]   Normal   empty
[    0.000000]   Device   empty
[    0.000000] Movable zone start for each node
[    0.000000] Early memory node ranges
[    0.000000]   node   0: [mem 0x0000000000001000-0x000000000009efff]
[    0.000000]   node   0: [mem 0x0000000000100000-0x000000003ffeffff]
[    0.000000] Initmem setup node 0 [mem 0x0000000000001000-0x000000003ffeffff]
[    0.000000] ACPI: PM-Timer IO Port: 0x4008
[    0.000000] IOAPIC[0]: apic_id 2, version 32, address 0xfec00000, GSI 0-23
[    0.000000] ACPI: INT_SRC_OVR (bus 0 bus_irq 0 global_irq 2 dfl dfl)
[    0.000000] ACPI: INT_SRC_OVR (bus 0 bus_irq 9 global_irq 9 high level)
[    0.000000] Using ACPI (MADT) for SMP configuration information
[    0.000000] smpboot: Allowing 2 CPUs, 0 hotplug CPUs
[    0.000000] PM: Registered nosave memory: [mem 0x00000000-0x00000fff]
[    0.000000] PM: Registered nosave memory: [mem 0x0009f000-0x0009ffff]
[    0.000000] PM: Registered nosave memory: [mem 0x000a0000-0x000effff]
[    0.000000] PM: Registered nosave memory: [mem 0x000f0000-0x000fffff]
[    0.000000] e820: [mem 0x40000000-0xfebfffff] available for PCI devices
[    0.000000] Booting paravirtualized kernel on KVM
[    0.000000] clocksource: refined-jiffies: mask: 0xffffffff max_cycles: 0xffffffff, max_idle_ns: 7645519600211568 ns
[    0.000000] setup_percpu: NR_CPUS:512 nr_cpumask_bits:512 nr_cpu_ids:2 nr_node_ids:1
[    0.000000] PERCPU: Embedded 34 pages/cpu @ffff88003fc00000 s98328 r8192 d32744 u1048576
[    0.000000] PV qspinlock hash table entries: 256 (order: 0, 4096 bytes)
[    0.000000] Built 1 zonelists in Node order, mobility grouping on.  Total pages: 257913
[    0.000000] Policy zone: DMA32
[    0.000000] Kernel command line: BOOT_IMAGE=/boot/vmlinuz-4.4.0-98-generic root=UUID=b5702e2b-9f3b-42ad-8248-878e16b622c8 ro console=tty1 console=ttyS0
[    0.000000] PID hash table entries: 4096 (order: 3, 32768 bytes)
[    0.000000] Memory: 997336K/1048120K available (8484K kernel code, 1294K rwdata, 3988K rodata, 1492K init, 1316K bss, 50784K reserved, 0K cma-reserved)
[    0.000000] SLUB: HWalign=64, Order=0-3, MinObjects=0, CPUs=2, Nodes=1
[    0.000000] Hierarchical RCU implementation.
[    0.000000] 	Build-time adjustment of leaf fanout to 64.
[    0.000000] 	RCU restricting CPUs from NR_CPUS=512 to nr_cpu_ids=2.
[    0.000000] RCU: Adjusting geometry for rcu_fanout_leaf=64, nr_cpu_ids=2
[    0.000000] NR_IRQS:33024 nr_irqs:440 16
[    0.000000] Console: colour VGA+ 80x25
[    0.000000] console [tty1] enabled
[    0.000000] console [ttyS0] enabled
[    0.000000] tsc: Detected 2699.998 MHz processor
[    1.579199] Calibrating delay loop (skipped) preset value.. 5399.99 BogoMIPS (lpj=10799992)
[    1.635106] pid_max: default: 32768 minimum: 301
[    1.651535] ACPI: Core revision 20150930
[    1.678704] ACPI: 2 ACPI AML tables successfully acquired and loaded
[    1.735976] Security Framework initialized
[    1.799582] Yama: becoming mindful.
[    1.836275] AppArmor: AppArmor initialized
[    1.868465] Dentry cache hash table entries: 131072 (order: 8, 1048576 bytes)
[    1.941323] Inode-cache hash table entries: 65536 (order: 7, 524288 bytes)
[    2.022612] Mount-cache hash table entries: 2048 (order: 2, 16384 bytes)
[    2.090251] Mountpoint-cache hash table entries: 2048 (order: 2, 16384 bytes)
[    2.139080] Initializing cgroup subsys io
[    2.192812] Initializing cgroup subsys memory
[    2.204022] Initializing cgroup subsys devices
[    2.224387] Initializing cgroup subsys freezer
[    2.239918] Initializing cgroup subsys net_cls
[    2.252515] Initializing cgroup subsys perf_event
[    2.255762] Initializing cgroup subsys net_prio
[    2.286477] Initializing cgroup subsys hugetlb
[    2.312244] Initializing cgroup subsys pids
[    2.332451] CPU: Physical Processor ID: 0
[    2.336113] CPU: Processor Core ID: 0
[    2.368791] mce: CPU supports 0 MCE banks
[    2.384777] Last level iTLB entries: 4KB 64, 2MB 8, 4MB 8
[    2.386849] Last level dTLB entries: 4KB 64, 2MB 0, 4MB 0, 1GB 4
[    2.466669] Freeing SMP alternatives memory: 32K
[    2.478452] ftrace: allocating 32154 entries in 126 pages
[    2.533141] smpboot: APIC(0) Converting physical 0 to logical package 0
[    2.542580] smpboot: Max logical packages: 1
[    2.568512] x2apic enabled
[    2.575421] Switched APIC routing to physical x2apic.
[    2.585406] ..TIMER: vector=0x30 apic1=0 pin1=2 apic2=-1 pin2=-1
[    2.710242] smpboot: CPU0: Intel(R) Core(TM) i5-5257U CPU @ 2.70GHz (family: 0x6, model: 0x3d, stepping: 0x4)
[    2.740448] Performance Events: unsupported p6 CPU model 61 no PMU driver, software events only.
[    2.755085] KVM setup paravirtual spinlock
[    2.769579] x86: Booting SMP configuration:
[    2.784766] .... node  #0, CPUs:      #1
[    2.790700] kvm-clock: cpu 1, msr 0:3ffe3041, secondary cpu clock
[    2.817521] mce: CPU supports 0 MCE banks
[    2.833958] x86: Booted up 1 node, 2 CPUs
[    2.839140] smpboot: Total of 2 processors activated (10799.99 BogoMIPS)
[    2.850881] devtmpfs: initialized
[    2.870263] evm: security.selinux
[    2.878256] evm: security.SMACK64
[    2.913297] evm: security.SMACK64EXEC
[    2.919829] evm: security.SMACK64TRANSMUTE
[    2.933089] evm: security.SMACK64MMAP
[    2.936932] evm: security.ima
[    2.937697] evm: security.capability
[    2.954369] clocksource: jiffies: mask: 0xffffffff max_cycles: 0xffffffff, max_idle_ns: 7645041785100000 ns
[    2.969424] futex hash table entries: 512 (order: 3, 32768 bytes)
[    2.982186] pinctrl core: initialized pinctrl subsystem
[    3.001461] RTC time:  7:48:59, date: 11/09/17
[    3.035085] NET: Registered protocol family 16
[    3.046990] cpuidle: using governor ladder
[    3.063159] cpuidle: using governor menu
[    3.085887] PCCT header not found.
[    3.087009] ACPI: bus type PCI registered
[    3.144308] acpiphp: ACPI Hot Plug PCI Controller Driver version: 0.5
[    3.151147] PCI: Using configuration type 1 for base access
[    3.163398] ACPI: Added _OSI(Module Device)
[    3.170102] ACPI: Added _OSI(Processor Device)
[    3.186481] ACPI: Added _OSI(3.0 _SCP Extensions)
[    3.201008] ACPI: Added _OSI(Processor Aggregator Device)
[    3.212302] ACPI: Executed 1 blocks of module-level executable AML code
[    3.222064] ACPI: Interpreter enabled
[    3.236447] ACPI: (supports S0 S5)
[    3.248641] ACPI: Using IOAPIC for interrupt routing
[    3.268424] PCI: Using host bridge windows from ACPI; if necessary, use "pci=nocrs" and report a bug
[    3.329294] ACPI: PCI Root Bridge [PCI0] (domain 0000 [bus 00-ff])
[    3.361480] acpi PNP0A03:00: _OSC: OS supports [ASPM ClockPM Segments MSI]
[    3.402574] acpi PNP0A03:00: _OSC failed (AE_NOT_FOUND); disabling ASPM
[    3.443825] acpi PNP0A03:00: fail to add MMCONFIG information, can't access extended PCI configuration space under this bridge.
[    3.556133] PCI host bridge to bus 0000:00
[    3.613039] pci_bus 0000:00: root bus resource [io  0x0000-0x0cf7 window]
[    3.690899] pci_bus 0000:00: root bus resource [io  0x0d00-0xffff window]
[    3.766799] pci_bus 0000:00: root bus resource [mem 0x000a0000-0x000bffff window]
[    3.802616] pci_bus 0000:00: root bus resource [mem 0x40000000-0xffdfffff window]
[    3.864103] pci_bus 0000:00: root bus resource [bus 00-ff]
[    3.924265] pci 0000:00:01.1: legacy IDE quirk: reg 0x10: [io  0x01f0-0x01f7]
[    3.947427] pci 0000:00:01.1: legacy IDE quirk: reg 0x14: [io  0x03f6]
[    4.007471] pci 0000:00:01.1: legacy IDE quirk: reg 0x18: [io  0x0170-0x0177]
[    4.042542] pci 0000:00:01.1: legacy IDE quirk: reg 0x1c: [io  0x0376]
[    4.128565] pci 0000:00:07.0: quirk: [io  0x4000-0x403f] claimed by PIIX4 ACPI
[    4.205056] pci 0000:00:07.0: quirk: [io  0x4100-0x410f] claimed by PIIX4 SMB
[    4.274423] ACPI: PCI Interrupt Link [LNKA] (IRQs 5 9 10 *11)
[    4.319573] ACPI: PCI Interrupt Link [LNKB] (IRQs 5 9 10 *11)
[    4.378741] ACPI: PCI Interrupt Link [LNKC] (IRQs 5 9 *10 11)
[    4.422656] ACPI: PCI Interrupt Link [LNKD] (IRQs 5 *9 10 11)
[    4.459329] ACPI: Enabled 2 GPEs in block 00 to 07
[    4.513688] vgaarb: setting as boot device: PCI:0000:00:02.0
[    4.521593] vgaarb: device added: PCI:0000:00:02.0,decodes=io+mem,owns=io+mem,locks=none
[    4.538006] vgaarb: loaded
[    4.569250] vgaarb: bridge control possible 0000:00:02.0
[    4.612374] SCSI subsystem initialized
[    4.641839] ACPI: bus type USB registered
[    4.692003] usbcore: registered new interface driver usbfs
[    4.718957] usbcore: registered new interface driver hub
[    4.760305] usbcore: registered new device driver usb
[    4.803352] PCI: Using ACPI for IRQ routing
[    4.835927] NetLabel: Initializing
[    4.875684] NetLabel:  domain hash size = 128
[    4.925037] NetLabel:  protocols = UNLABELED CIPSOv4
[    4.956959] NetLabel:  unlabeled traffic allowed by default
[    5.013904] amd_nb: Cannot enumerate AMD northbridges
[    5.053809] clocksource: Switched to clocksource kvm-clock
[    5.076393] AppArmor: AppArmor Filesystem Enabled
[    5.079939] pnp: PnP ACPI init
[    5.123699] pnp: PnP ACPI: found 3 devices
[    5.150473] clocksource: acpi_pm: mask: 0xffffff max_cycles: 0xffffff, max_idle_ns: 2085701024 ns
[    5.163526] NET: Registered protocol family 2
[    5.185577] TCP established hash table entries: 8192 (order: 4, 65536 bytes)
[    5.236997] TCP bind hash table entries: 8192 (order: 5, 131072 bytes)
[    5.262101] TCP: Hash tables configured (established 8192 bind 8192)
[    5.268183] UDP hash table entries: 512 (order: 2, 16384 bytes)
[    5.288868] UDP-Lite hash table entries: 512 (order: 2, 16384 bytes)
[    5.332928] NET: Registered protocol family 1
[    5.353203] pci 0000:00:00.0: Limiting direct PCI/PCI transfers
[    5.359081] pci 0000:00:01.0: Activating ISA DMA hang workarounds
[    5.405801] Unpacking initramfs...
[    5.693743] Freeing initrd memory: 15228K
[    5.700984] RAPL PMU detected, API unit is 2^-32 Joules, 4 fixed counters 10737418240 ms ovfl timer
[    5.780997] hw unit of domain pp0-core 2^-0 Joules
[    5.785283] hw unit of domain package 2^-0 Joules
[    5.816254] hw unit of domain dram 2^-0 Joules
[    5.873437] hw unit of domain pp1-gpu 2^-0 Joules
[    5.892121] platform rtc_cmos: registered platform RTC device (no PNP device found)
[    5.928835] Scanning for low memory corruption every 60 seconds
[    5.960884] audit: initializing netlink subsys (disabled)
[    5.986474] audit: type=2000 audit(1510213743.824:1): initialized
[    6.039019] Initialise system trusted keyring
[    6.060889] HugeTLB registered 2 MB page size, pre-allocated 0 pages
[    6.129217] zbud: loaded
[    6.157116] VFS: Disk quotas dquot_6.6.0
[    6.197052] VFS: Dquot-cache hash table entries: 512 (order 0, 4096 bytes)
[    6.249666] squashfs: version 4.0 (2009/01/31) Phillip Lougher
[    6.309430] fuse init (API version 7.23)
[    6.351401] Key type big_key registered
[    6.360747] Allocating IMA MOK and blacklist keyrings.
[    6.429714] Key type asymmetric registered
[    6.475253] Asymmetric key parser 'x509' registered
[    6.526336] Block layer SCSI generic (bsg) driver version 0.4 loaded (major 249)
[    6.580341] io scheduler noop registered
[    6.600831] io scheduler deadline registered (default)
[    6.666195] io scheduler cfq registered
[    6.701815] pci_hotplug: PCI Hot Plug PCI Core version: 0.5
[    6.712861] pciehp: PCI Express Hot Plug Controller Driver version: 0.4
[    6.722779] ACPI: AC Adapter [AC] (on-line)
[    6.742953] input: Power Button as /devices/LNXSYSTM:00/LNXPWRBN:00/input/input0
[    6.816873] ACPI: Power Button [PWRF]
[    6.850922] input: Sleep Button as /devices/LNXSYSTM:00/LNXSLPBN:00/input/input1
[    6.890398] tsc: Refined TSC clocksource calibration: 2700.934 MHz
[    6.890402] clocksource: tsc: mask: 0xffffffffffffffff max_cycles: 0x26eeb0dfec9, max_idle_ns: 440795324240 ns
[    7.028151] ACPI: Sleep Button [SLPF]
[    7.030801] GHES: HEST is not enabled!
[    7.094892] ACPI: Battery Slot [BAT0] (battery present)
[    7.152568] Serial: 8250/16550 driver, 32 ports, IRQ sharing enabled
[    7.192144] 00:02: ttyS0 at I/O 0x3f8 (irq = 4, base_baud = 115200) is a 16550A
[    7.259449] Linux agpgart interface v0.103
[    7.285312] loop: module loaded
[    7.301784] scsi host0: ata_piix
[    7.320294] scsi host1: ata_piix
[    7.364330] ata1: PATA max UDMA/33 cmd 0x1f0 ctl 0x3f6 bmdma 0xd000 irq 14
[    7.414214] ata2: PATA max UDMA/33 cmd 0x170 ctl 0x376 bmdma 0xd008 irq 15
[    7.453490] libphy: Fixed MDIO Bus: probed
[    7.483055] tun: Universal TUN/TAP device driver, 1.6
[    7.531762] tun: (C) 1999-2004 Max Krasnyansky <maxk@qualcomm.com>
[    7.569808] PPP generic driver version 2.4.2
[    7.639386] ehci_hcd: USB 2.0 'Enhanced' Host Controller (EHCI) Driver
[    7.701285] ehci-pci: EHCI PCI platform driver
[    7.720323] ehci-platform: EHCI generic platform driver
[    7.721562] ohci_hcd: USB 1.1 'Open' Host Controller (OHCI) Driver
[    7.789647] ohci-pci: OHCI PCI platform driver
[    7.802520] ohci-platform: OHCI generic platform driver
[    7.859119] uhci_hcd: USB Universal Host Controller Interface driver
[    7.943909] i8042: PNP: PS/2 Controller [PNP0303:PS2K,PNP0f03:PS2M] at 0x60,0x64 irq 1,12
[    7.993543] serio: i8042 KBD port at 0x60,0x64 irq 1
[    8.053854] serio: i8042 AUX port at 0x60,0x64 irq 12
[    8.123708] mousedev: PS/2 mouse device common for all mice
[    8.164744] rtc_cmos rtc_cmos: rtc core: registered rtc_cmos as rtc0
[    8.275041] rtc_cmos rtc_cmos: alarms up to one day, 114 bytes nvram
[    8.343518] i2c /dev entries driver
[    8.376764] input: AT Translated Set 2 keyboard as /devices/platform/i8042/serio0/input/input2
[    8.429738] device-mapper: uevent: version 1.0.3
[    8.450675] device-mapper: ioctl: 4.34.0-ioctl (2015-10-28) initialised: dm-devel@redhat.com
[    8.500109] ledtrig-cpu: registered to indicate activity on CPUs
[    8.535482] NET: Registered protocol family 10
[    8.554764] NET: Registered protocol family 17
[    8.584382] Key type dns_resolver registered
[    8.606527] microcode: CPU0 sig=0x306d4, pf=0x40, revision=0x0
[    8.622589] microcode: CPU1 sig=0x306d4, pf=0x40, revision=0x0
[    8.632175] microcode: Microcode Update Driver: v2.01 <tigran@aivazian.fsnet.co.uk>, Peter Oruba
[    8.668557] registered taskstats version 1
[    8.688586] Loading compiled-in X.509 certificates
[    8.692381] Loaded X.509 cert 'Build time autogenerated kernel key: 7431eaeda5a51458aeb00f8de0f18f89e178d882'
[    8.737258] zswap: loaded using pool lzo/zbud
[    8.772270] Key type trusted registered
[    8.807353] Key type encrypted registered
[    8.834589] AppArmor: AppArmor sha1 policy hashing enabled
[    8.836344] ima: No TPM chip found, activating TPM-bypass!
[    8.852406] evm: HMAC attrs: 0x1
[    8.860783]   Magic number: 9:235:824
[    8.869133] rtc_cmos rtc_cmos: setting system clock to 2017-11-09 07:49:05 UTC (1510213745)
[    8.899555] BIOS EDD facility v0.16 2004-Jun-25, 0 devices found
[    8.941403] EDD information not available.
[    8.954181] Freeing unused kernel memory: 1492K
[    8.999667] Write protecting the kernel read-only data: 14336k
[    9.021979] Freeing unused kernel memory: 1744K
[    9.034581] Freeing unused kernel memory: 108K
Loading, please [    9.052665] random: systemd-udevd: uninitialized urandom read (16 bytes read, 7 bits of entropy available)
wait...
startin[    9.053506] random: udevadm: uninitialized urandom read (16 bytes read, 7 bits of entropy available)
g version 229
[    9.053536] random: udevadm: uninitialized urandom read (16 bytes read, 7 bits of entropy available)
[    9.060653] random: udevadm: uninitialized urandom read (16 bytes read, 7 bits of entropy available)
[    9.060688] random: udevadm: uninitialized urandom read (16 bytes read, 7 bits of entropy available)
[    9.060785] random: udevadm: uninitialized urandom read (16 bytes read, 7 bits of entropy available)
[    9.060820] random: udevadm: uninitialized urandom read (16 bytes read, 7 bits of entropy available)
[    9.060853] random: udevadm: uninitialized urandom read (16 bytes read, 7 bits of entropy available)
[    9.060888] random: udevadm: uninitialized urandom read (16 bytes read, 7 bits of entropy available)
[    9.060921] random: udevadm: uninitialized urandom read (16 bytes read, 7 bits of entropy available)
[    9.411274] Fusion MPT base driver 3.04.20
[    9.507965] Copyright (c) 1999-2008 LSI Corporation
[    9.582291] e1000: Intel(R) PRO/1000 Network Driver - version 7.3.21-k8-NAPI
[    9.588619] e1000: Copyright (c) 1999-2006 Intel Corporation.
[    9.648574] AVX version of gcm_enc/dec engaged.
[    9.663489] AES CTR mode by8 optimization enabled
[    9.693399] Fusion MPT SPI Host driver 3.04.20
[    9.815151] input: ImExPS/2 Generic Explorer Mouse as /devices/platform/i8042/serio1/input/input4
[   10.010725] e1000 0000:00:03.0 eth0: (PCI:33MHz:32-bit) 02:51:17:41:23:cb
[   10.034294] e1000 0000:00:03.0 eth0: Intel(R) PRO/1000 Network Connection
[   10.040099] mptbase: ioc0: Initiating bringup
[   10.139365] ioc0: LSI53C1030 A0: Capabilities={Initiator}
[   10.344482] scsi host2: ioc0: LSI53C1030 A0, FwRev=00000000h, Ports=1, MaxQ=256, IRQ=20
[   10.606722] scsi 2:0:0:0: Direct-Access     VBOX     HARDDISK         1.0  PQ: 0 ANSI: 5
[   10.670984] scsi target2:0:0: Beginning Domain Validation
[   10.732642] scsi target2:0:0: Domain Validation skipping write tests
[   10.813513] scsi target2:0:0: Ending Domain Validation
[   10.837693] scsi target2:0:0: asynchronous
[   10.842213] scsi 2:0:1:0: Direct-Access     VBOX     HARDDISK         1.0  PQ: 0 ANSI: 5
[   10.856845] scsi target2:0:1: Beginning Domain Validation
[   10.873598] scsi target2:0:1: Domain Validation skipping write tests
[   10.878977] scsi target2:0:1: Ending Domain Validation
[   10.883999] scsi target2:0:1: asynchronous
[   10.907326] sd 2:0:0:0: [sda] 20971520 512-byte logical blocks: (10.7 GB/10.0 GiB)
[   10.917388] sd 2:0:0:0: Attached scsi generic sg0 type 0
[   10.926340] sd 2:0:1:0: [sdb] 20480 512-byte logical blocks: (10.5 MB/10.0 MiB)
[   10.942075] sd 2:0:1:0: Attached scsi generic sg1 type 0
[   10.952568] sd 2:0:0:0: [sda] Write Protect is off
[   10.963617] sd 2:0:0:0: [sda] Incomplete mode parameter data
[   10.969685] sd 2:0:0:0: [sda] Assuming drive cache: write through
[   10.997376] sd 2:0:1:0: [sdb] Write Protect is off
[   10.999002] sd 2:0:1:0: [sdb] Incomplete mode parameter data
[   11.000759] sd 2:0:1:0: [sdb] Assuming drive cache: write through
[   11.007296] sd 2:0:1:0: [sdb] Attached SCSI disk
[   11.011140]  sda: sda1
[   11.018400] sd 2:0:0:0: [sda] Attached SCSI disk
[   11.178855] e1000 0000:00:08.0 eth1: (PCI:33MHz:32-bit) 08:00:27:50:49:13
[   11.188784] e1000 0000:00:08.0 eth1: Intel(R) PRO/1000 Network Connection
[   11.206692] e1000 0000:00:03.0 enp0s3: renamed from eth0
[   11.222236] e1000 0000:00:08.0 enp0s8: renamed from eth1
[   12.590173] floppy0: no floppy controllers found
Begin: Loading essential drivers[   13.982362] md: linear personality registered for level -1
 ... [   14.055758] md: multipath personality registered for level -4
[   14.103691] md: raid0 personality registered for level 0
[   14.118684] md: raid1 personality registered for level 1
[   14.205908] raid6: sse2x1   gen()  5661 MB/s
[   14.285884] raid6: sse2x1   xor()  6392 MB/s
[   14.357848] raid6: sse2x2   gen() 10431 MB/s
[   14.453835] raid6: sse2x2   xor()  6838 MB/s
[   14.538042] raid6: sse2x4   gen() 11248 MB/s
[   14.637854] raid6: sse2x4   xor()  7961 MB/s
[   14.640291] raid6: using algorithm sse2x4 gen() 11248 MB/s
[   14.647952] raid6: .... xor() 7961 MB/s, rmw enabled
[   14.649453] raid6: using ssse3x2 recovery algorithm
[   14.657797] xor: automatically using best checksumming function:
[   14.797936]    avx       : 14697.000 MB/sec
[   14.804977] async_tx: api initialized (async)
[   14.848053] md: raid6 personality registered for level 6
[   14.935961] md: raid5 personality registered for level 5
[   14.998475] md: raid4 personality registered for level 4
[   15.072909] md: raid10 personality registered for level 10
done.
Begin: Running /scripts/init-premount ... done.[   15.175226] Btrfs loaded

Begin: Mounting root file system ... Begin: Running /scripts/local-top ... done[   15.276967] EXT4-fs (sda1): mounted filesystem with ordered data mode. Opts: (null)
.
Begin: Running /scripts/local-premount ... Scanning for Btrfs filesystems
done.
Warning: fsck not present, so skipping root file system
done.
Begin: Running /scripts/local-bottom ... done.
Begin: Running /scripts/init-bottom ... done.
[   15.517330] systemd[1]: systemd 229 running in system mode. (+PAM +AUDIT +SELINUX +IMA +APPARMOR +SMACK +SYSVINIT +UTMP +LIBCRYPTSETUP +GCRYPT +GNUTLS +ACL +XZ -LZ4 +SECCOMP +BLKID +ELFUTILS +KMOD -IDN)
[   15.572220] systemd[1]: Detected virtualization oracle.
[   15.623497] systemd[1]: Detected architecture x86-64.

Welcome to [1mUbuntu 16.04.3 LTS[0m!

[   15.669799] systemd[1]: Set hostname to <client1>.
[   15.913036] systemd[1]: Set up automount Arbitrary Executable File Formats File System Automount Point.
[[0;32m  OK  [0m] Set up automount Arbitrary Executab...ats File System Automount Point.
[   15.998155] systemd[1]: Listening on LVM2 poll daemon socket.
[[0;32m  OK  [0m] Listening on LVM2 poll daemon socket.
[   16.110705] systemd[1]: Listening on /dev/initctl Compatibility Named Pipe.
[[0;32m  OK  [0m] Listening on /dev/initctl Compatibility Named Pipe.
[   16.302149] systemd[1]: Reached target Swap.
[[0;32m  OK  [0m] Reached target Swap.
[   16.378537] systemd[1]: Listening on Journal Socket (/dev/log).
[[0;32m  OK  [0m] Listening on Journal Socket (/dev/log).
[   16.418598] systemd[1]: Started Forward Password Requests to Wall Directory Watch.
[[0;32m  OK  [0m] Started Forward Password Requests to Wall Directory Watch.
[   16.504740] systemd[1]: Reached target User and Group Name Lookups.
[[0;32m  OK  [0m] Reached target User and Group Name Lookups.
[   16.585545] systemd[1]: Listening on LVM2 metadata daemon socket.
[[0;32m  OK  [0m] Listening on LVM2 metadata daemon socket.
[   16.694753] systemd[1]: Created slice User and Session Slice.
[[0;32m  OK  [0m] Created slice User and Session Slice.
[   16.834188] systemd[1]: Started Trigger resolvconf update for networkd DNS.
[[0;32m  OK  [0m] Started Trigger resolvconf update for networkd DNS.
[   16.913391] systemd[1]: Listening on Journal Socket.
[[0;32m  OK  [0m] Listening on Journal Socket.
[   16.964381] systemd[1]: Reached target Encrypted Volumes.
[[0;32m  OK  [0m] Reached target Encrypted Volumes.
[   17.030661] systemd[1]: Listening on udev Control Socket.
[[0;32m  OK  [0m] Listening on udev Control Socket.
[   17.134183] systemd[1]: Listening on Syslog Socket.
[[0;32m  OK  [0m] Listening on Syslog Socket.
[   17.200499] systemd[1]: Listening on Device-mapper event daemon FIFOs.
[[0;32m  OK  [0m] Listening on Device-mapper event daemon FIFOs.
[   17.299848] systemd[1]: Listening on udev Kernel Socket.
[[0;32m  OK  [0m] Listening on udev Kernel Socket.
[   17.370383] systemd[1]: Created slice System Slice.
[[0;32m  OK  [0m] Created slice System Slice.
[   17.470241] systemd[1]: Starting Remount Root and Kernel File Systems...
         [   17.570619] random: nonblocking pool is initialized
Starting Remount Root and Kernel[   17.628746] EXT4-fs (sda1): re-mounted. Opts: (null)
 File Systems...
[   17.666139] systemd[1]: Reached target Slices.
[[0;32m  OK  [0m] Reached target Slices.
[   17.722668] systemd[1]: Starting Monitoring of LVM2 mirrors, snapshots etc. using dmeventd or progress polling...
         Starting Monitoring of LVM2 mirrors... dmeventd or progress polling...
[   17.838325] systemd[1]: Starting Create list of required static device nodes for the current kernel...
         Starting Create list of required st... nodes for the current kernel...
[   17.950175] systemd[1]: Mounting Debug File System...
         Mounting Debug File System...
[   18.022460] systemd[1]: Starting Uncomplicated firewall...
         Starting Uncomplicated firewall...
[   18.106210] systemd[1]: Mounting POSIX Message Queue File System...
         Mounting POSIX Message Queue File System...
[   18.218327] systemd[1]: Starting Set console keymap...
         Starting Set console keymap...
[   18.322830] systemd[1]: Created slice system-serial\x2dgetty.slice.
[[0;32m  OK  [0m] Created slice system-serial\x2dgetty.slice.
[   18.402403] systemd[1]: Starting Load Kernel Modules...
         [   18.439558] Loading iSCSI transport class v2.0-870.
Starting Load Kernel Modules...[   18.468759] iscsi: registered transport (tcp)

[   18.502290] systemd[1]: Mounting RPC Pipe File System...
         Mounting RPC Pip[   18.556907] RPC: Registered named UNIX socket transport module.
e File System...[   18.600536] RPC: Registered udp transport module.

[   18.630707] RPC: Registered tcp transport module.
[   18.660007] RPC: Registered tcp NFSv4.1 backchannel transport module.
[   18.700962] systemd[1]: Starting Nameserver information manager...
         Starting Nameser[   18.734948] iscsi: registered transport (iser)
ver information manager...
[   18.766595] systemd[1]: Mounting Huge Pages File System...
         Mounting Huge Pages File System...
[   18.815774] systemd[1]: Listening on Journal Audit Socket.
[[0;32m  OK  [0m] Listening on Journal Audit Socket.
[   18.898723] systemd[1]: Starting Journal Service...
         Starting Journal Service...
[   18.932946] systemd[1]: Mounted RPC Pipe File System.
[[0;32m  OK  [0m] Mounted RPC Pipe File System.
[   19.002257] systemd[1]: Mounted POSIX Message Queue File System.
[[0;32m  OK  [0m] Mounted POSIX Message Queue File System.
[   19.078588] systemd[1]: Mounted Huge Pages File System.
[[0;32m  OK  [0m] Mounted Huge Pages File System.
[   19.122182] systemd[1]: Mounted Debug File System.
[[0;32m  OK  [0m] Mounted Debug File System.
[   19.182160] systemd[1]: Started Journal Service.
[[0;32m  OK  [0m] Started Journal Service.
[[0;32m  OK  [0m] Started Remount Root and Kernel File Systems.
[[0;32m  OK  [0m] Started Create list of required sta...ce nodes for the current kernel.
[[0;32m  OK  [0m] Started Uncomplicated firewall.
[[0;32m  OK  [0m] Started Set console keymap.
[[0;32m  OK  [0m] Started Load Kernel Modules.
[[0;32m  OK  [0m] Started Nameserver information manager.
[[0;32m  OK  [0m] Started LVM2 metadata daemon.
         Mounting FUSE Control File System...
         Starting Apply Kernel Variables...
         Starting Create Static Device Nodes in /dev...
         Starting Initial cloud-init job (pre-networking)...
         Starting Load/Save Random Seed...
         Starting udev Coldplug all Devices...
         Starting Flush Journal to Persistent Storage...
[[0;32m  OK  [0m] Mounted FUSE Control File System.
[[0;32m  OK  [0m] Started Monitoring of LVM2 mirrors,...ng dmeventd or progress polling.
[[0;32m  OK  [0m] Started Apply Kernel Variables.
[[0;32m  OK  [0m] Started Create Static Device Nodes in /dev.
[[0;32m  OK  [0m] Started Load/Save Random Seed.
         Starting udev Kernel Device Manager...
[[0;32m  OK  [0m] Started Flush Journal to Persistent Storage.
[[0;32m  OK  [0m] Started udev Coldplug all Devices.
[[0;32m  OK  [0m] Started udev Kernel Device Manager.
[[0;32m  OK  [0m] Reached target Local File Systems (Pre).
[[0;32m  OK  [0m] Reached target Local File Systems.
         Starting Tell Plymouth To Write Out Runtime Data...
         Starting Set console font and keymap...
         Starting LSB: AppArmor initialization...
         Starting Preprocess NFS configuration...
[[0;32m  OK  [0m] Started Dispatch Password Requests to Console Directory Watch.
         Starting Create Volatile Files and Directories...
[[0;32m  OK  [0m] Started Tell Plymouth To Write Out Runtime Data.
[[0;32m  OK  [0m] Started Preprocess NFS configuration.
[[0;32m  OK  [0m] Started Create Volatile Files and Directories.
[[0;32m  OK  [0m] Found device /dev/ttyS0.
         Starting Update UTMP about System Boot/Shutdown...
[[0;32m  OK  [0m] Reached target System Time Synchronized.
[[0;32m  OK  [0m] Reached target NFS client services.
[[0;32m  OK  [0m] Started Update UTMP about System Boot/Shutdown.
[[0;32m  OK  [0m] Started LSB: AppArmor initialization.
[[0;32m  OK  [0m] Started Set console font and keymap.
[[0;32m  OK  [0m] Created slice system-getty.slice.
[[0;32m  OK  [0m] Found device 82540EM Gigabit Ethern...r (PRO/1000 MT Desktop Adapter).
[[0;32m  OK  [0m] Listening on Load/Save RF Kill Switch Status /dev/rfkill Watch.
[[0;32m  OK  [0m] Found device 82540EM Gigabit Ethern...r (PRO/1000 MT Desktop Adapter).
[   17.335294] cloud-init[472]: Cloud-init v. 0.7.9 running 'init-local' at Thu, 09 Nov 2017 07:49:17 +0000. Up 16.47 seconds.
[[0;32m  OK  [0m] Started Initial cloud-init job (pre-networking).
[[0;32m  OK  [0m] Reached target Network (Pre).
[[0;32m  OK  [0m] Started ifup for enp0s8.
[[0;32m  OK  [0m] Started ifup for enp0s3.
         Starting Raise network interfaces...
[[0;32m  OK  [0m] Started Raise network interfaces.
[[0;32m  OK  [0m] Reached target Network.
         Starting Initial cloud-init job (metadata service crawler)...
[   19.898857] cloud-init[1101]: Cloud-init v. 0.7.9 running 'init' at Thu, 09 Nov 2017 07:49:20 +0000. Up 19.53 seconds.
[   19.968543] [cloud-init[0;32m  OK  [0m[1101]: ] ci-info: ++++++++++++++++++++++++++++++++++++++Net device info++++++++++++++++++++++++++++++++++++++Started Initial cloud-init job (metadata service crawler).

[   19.969275] cloud-init[1101]: ci-info: +--------+------+-----------------------------+---------------+-------+-------------------+
[   20.152495] [cloud-init[0;32m  OK  [0m[1101]: ] ci-info: | Device |  Up  |           Address           |      Mask     | Scope |     Hw-Address    |Reached target System Initialization.

[   20.153032] cloud-init[1101]: ci-info: +--------+------+-----------------------------+---------------+-------+-------------------+
[   20.316528] [cloud-init[0;32m  OK  [0m[1101]: ] ci-info: |   lo   | True |          127.0.0.1          |   255.0.0.0   |   .   |         .         |Started ACPI Events Check.

[[0;32m  OK  [0m] Reached target Paths.
[   20.317423] cloud-init[1101]: ci-info: |   lo   | True |           ::1/128           |       .       |  host |         .         |
[   20.540618] [cloud-init[0;32m  OK  [0m[1101]: ] ci-info: | enp0s8 | True |        192.168.33.11        | 255.255.255.0 |   .   | 08:00:27:50:49:13 |Listening on D-Bus System Message Bus Socket.

         Starting Socket activation for snappy daemon.
[[0;32m  OK  [0m] Listening on UUID daemon activation socket.
[   20.541181] cloud-init[1101]: ci-info: | enp0s8 | True | fe80::a00:27ff:fe50:4913/64 |       .       |  link | 08:00:27:50:49:13 |
[   20.737153] [cloud-init[0;32m  OK  [0m[1101]: ] ci-info: | enp0s3 | True |          10.0.2.15          | 255.255.255.0 |   .   | 02:51:17:41:23:cb |Started Timer to automatically fetch and run repair assertions.

[   20.892400] [cloud-init[0;32m  OK  [0m[1101]: ] ci-info: | enp0s3 | True |  fe80::51:17ff:fe41:23cb/64 |       .       |  link | 02:51:17:41:23:cb |Listening on RPCbind Server Activation Socket.

[[0;32m  OK  [0m] Started Timer to automatically refresh installed snaps.
[[0;32m  OK  [0m] Listening on ACPID Listen Socket.
[   20.892968] cloud-init[1101]: ci-info: +--------+------+-----------------------------+---------------+-------+-------------------+
[   21.087507] [[0;32m  OK  [0m] Started Daily Cleanup of Temporary Directories.
cloud-init[1101]: ci-info: ++++++++++++++++++++++++++++Route IPv4 info++++++++++++++++++++++++++++
         Starting LXD - unix socket.
[[0;32m  OK  [0m] Reached target Network is Online.
[   21.167922] cloud-init[1101]: ci-info: +-------+--------------+----------+---------------+-----------+-------+
[   21.242470]          cloud-initStarting iSCSI initiator daemon (iscsid)...[1101]: 
ci-info: | Route | Destination  | Gateway  |    Genmask    | Interface | Flags |
[   21.320548] [cloud-init[0;32m  OK  [0m[1101]: ] ci-info: +-------+--------------+----------+---------------+-----------+-------+Started Daily apt download activities.

[   21.321003] [cloud-init[0;32m  OK  [0m[1101]: ] ci-info: |   0   |   0.0.0.0    | 10.0.2.2 |    0.0.0.0    |   enp0s3  |   UG  |Started Daily apt upgrade and clean activities.

[[0;32m  OK  [0m] Reached target Timers.
[[0;32m  OK  [0m] Reached target Cloud-config availability.
[   21.421096] cloud-init[1101]: ci-info: |   1   |   10.0.2.0   | 0.0.0.0  | 255.255.255.0 |   enp0s3  |   U   |
[   21.636291] [cloud-init[0;32m  OK  [0m[1101]: ] ci-info: |   2   | 192.168.33.0 | 0.0.0.0  | 255.255.255.0 |   enp0s8  |   U   |Listening on Socket activation for snappy daemon.

[   21.636768] [[0;32m  OK  [0m] Listening on LXD - unix socket.
cloud-init[1101]: ci-info: +-------+--------------+----------+---------------+-----------+-------+
[[0;32m  OK  [0m] Started iSCSI initiator daemon (iscsid).
         Starting Login to default iSCSI targets...
[[0;32m  OK  [0m] Reached target Sockets.
[[0;32m  OK  [0m] Reached target Basic System.
[[0;32m  OK  [0m] Started Unattended Upgrades Shutdown.
         Starting /etc/rc.local Compatibility...
[[0;32m  OK  [0m] Started ACPI event daemon.
         Starting Accounts Service...
         Starting Snappy daemon...
[[0;32m  OK  [0m] Started Deferred execution scheduler.
         Starting LSB: Record successful boot for GRUB...
         Starting LSB: MD monitoring daemon...
[[0;32m  OK  [0m] Started D-Bus System Message Bus.
[[0;32m  OK  [0m] Started Regular background program processing daemon.
         Starting Apply the settings specified in cloud-config...
         Starting LXD - container startup/shutdown...
         Starting OpenBSD Secure Shell server...
[[0;32m  OK  [0m] Started FUSE filesystem for LXC.
         Starting System Logging Service...
         Starting Login Service...
[[0;32m  OK  [0m] Started Snappy daemon.
[[0;32m  OK  [0m] Started OpenBSD Secure Shell server.
[[0;32m  OK  [0m] Started System Logging Service.
[[0;32m  OK  [0m] Started /etc/rc.local Compatibility.
[[0;32m  OK  [0m] Started LXD - container startup/shutdown.
[[0;32m  OK  [0m] Started Login to default iSCSI targets.
[[0;32m  OK  [0m] Started LSB: Record successful boot for GRUB.
[[0;32m  OK  [0m] Started LSB: MD monitoring daemon.
[[0;32m  OK  [0m] Started Login Service.
         Starting Authenticate and Authorize Users to Run Privileged Tasks...
[[0;32m  OK  [0m] Reached target Remote File Systems (Pre).
         Mounting /opt...
         Mounting /vol/spool...
         Starting Auto import assertions from block devices...
[[0;32m  OK  [0m] Started Authenticate and Authorize Users to Run Privileged Tasks.
[[0;32m  OK  [0m] Started Accounts Service.
[[0;32m  OK  [0m] Started Auto import assertions from block devices.
[[0;32m  OK  [0m] Mounted /vol/spool.
[   23.074046] cloud-init[1197]: Cloud-init v. 0.7.9 running 'modules:config' at Thu, 09 Nov 2017 07:49:23 +0000. Up 22.81 seconds.
[[0;32m  OK  [0m] Mounted /opt.
[[0;32m  OK  [0m] Reached target Remote File Systems.
         Starting LSB: SGE Execution Daemon init script...
         Starting LSB: Postfix Mail Transport Agent...
         Starting LSB: Set the CPU Frequency Scaling governor to "ondemand"...
         Starting Permit User Sessions...
         Starting LSB: daemon to balance interrupts for SMP systems...
         Starting LSB: VirtualBox Linux Additions...
         Starting LSB: automatic crash report generation...
[[0;32m  OK  [0m] Started Apply the settings specified in cloud-config.
[[0;32m  OK  [0m] Started Permit User Sessions.
[[0;32m  OK  [0m] Started LSB: daemon to balance interrupts for SMP systems.
[[0;32m  OK  [0m] Started LSB: Set the CPU Frequency Scaling governor to "ondemand".
         Starting Hold until boot process finishes up...
         Starting Terminate Plymouth Boot Screen...
[[0;32m  OK  [0m] Started LSB: automatic crash report generation.
[[0;32m  OK  [0m] Started LSB: VirtualBox Linux Additions.
[[0;32m  OK  [0m] Started Hold until boot process finishes up.
[[0;32m  OK  [0m] Started Terminate Plymouth Boot Screen.
[[0;32m  OK  [0m] Created slice User Slice of ubuntu.
[[0;32m  OK  [0m] Started Session 1 of user ubuntu.
         Starting User Manager for UID 1000...
[[0;32m  OK  [0m] Started Getty on tty1.
[[0;32m  OK  [0m] Started Serial Getty on ttyS0.
[[0;32m  OK  [0m] Reached target Login Prompts.
         Starting Set console scheme...
[[0;32m  OK  [0m] Started User Manager for UID 1000.
[[0;32m  OK  [0m] Started Set console scheme.
[[0;32m  OK  [0m] Started LSB: Postfix Mail Transport Agent.
[[0;32m  OK  [0m] Reached target Mail Transport Agent.
[[0;32m  OK  [0m] Started LSB: SGE Execution Daemon init script.
[[0;32m  OK  [0m] Reached target Multi-User System.
         Starting Execute cloud user/final scripts...
[[0;32m  OK  [0m] Reached target Graphical Interface.
         Starting Update UTMP about System Runlevel Changes...
[[0;32m  OK  [0m] Started Update UTMP about System Runlevel Changes.
[   25.086264] cloud-init[1570]: Cloud-init v. 0.7.9 running 'modules:final' at Thu, 09 Nov 2017 07:49:25 +0000. Up 24.89 seconds.
[   25.113063] cloud-init[1570]: Cloud-init v. 0.7.9 finished at Thu, 09 Nov 2017 07:49:26 +0000. Datasource DataSourceNoCloud [seed=/dev/sdb][dsmode=net].  Up 25.07 seconds
[[0;32m  OK  [0m] Started Execute cloud user/final scripts.
[[0;32m  OK  [0m] Reached target Cloud-init target.

Ubuntu 16.04.3 LTS client1 ttyS0

client1 login: [[0;32m  OK           Stopping LSB: automatic crash report generation...
         Stopping FUSE filesystem for LXC...
         Stopping Deferred execution scheduler...
         Stopping LSB: Postfix Mail Transport Agent...
         Stopping LSB: daemon to balance interrupts for SMP systems...
         Stopping LSB: Record successful boot for GRUB...
         Stopping LSB: MD monitoring daemon...
         Stopping Regular background program processing daemon...
         Stopping LSB: SGE Execution Daemon init script...
         Stopping LSB: VirtualBox Linux Additions...
         Stopping OpenBSD Secure Shell server...
         Stopping LSB: Set the CPU Frequency Scaling governor to "ondemand"...
[[0;32m  OK  [0m] Stopped Apply the settings specified in cloud-config.
[[0;32m  OK  [0m] Stopped target Cloud-config availability.
         Stopping User Manager for UID 1000...
         Stopping Unattended Upgrades Shutdown...
[[0;32m  OK  [0m] Stopped Timer to automatically fetch and run repair assertions.
         Stopping D-Bus System Message Bus...
[[0;32m  OK  [0m] Closed Load/Save RF Kill Switch Status /dev/rfkill Watch.
         Stopping LXD - contai[[0;32m  OK  [0m] Stopped target Timers.
[[0;32m  OK  [0m] Stopped target Cloud-init target.
[[0;32m  OK  [0m] Closed Load/Save RF Kill Switch Status /dev/rfkill Watch.
[[0;32m  OK  [0m] Stopped Timer to automatically refresh installed snaps.
[[0;32m  OK  [0m] Stopped Execute cloud user/final scripts.
         Stopping Daemon for generating UUIDs...
[[0;32m  OK  [0m] Stopped Apply the settings specified in cloud-config.
[[0;32m  OK  [0m] Stopped target RPC Port Mapper.
[[0;32m  OK  [0m] Stopped target Mail Transport Agent.
[[0;32m  OK  [0m] Stopped target Graphical Interface.
[[0;32m  OK  [0m] Stopped target Multi-User System.
         Stopping Unattended Upgrades Shutdown...
         Stopping Snappy daemon...
         Stopping Deferred execution scheduler...
         Stopping System Logging Service...
         Stopping LXD - container startup/shutdown...
         Stopping D-Bus System Message Bus...
         Stopping FUSE filesystem for LXC...
         Stopping LSB: Set the CPU Frequency Scaling governor to "ondemand"...
         Stopping Accounts r         Stopping OpenBSD Secure Shell server...
[[0;32m  OK  [0m] Stopped Daily Cleanup of Temporary Directories.
         Stopping LSB: MD monitoring daemon...
[[0;32m  OK  [0m] Unmounted /var/lib/lxcfs.
[[0;32m  OK  [0m] Stopped Accounts Service.
[[0;32m  OK  [0m] Stopped Regular background program processing daemon.
[[0;32m  OK  [0m] Stopped Deferred execution scheduler.
[[0;32m  OK  [0m] Stopped System Logging Service.
[[0;32m  OK  [0m] Stopped ACPI event daemon.
[[0;32m  OK  [0m] Stopped Snappy daemon.
[[0;32m  OK  [0m] Stopped OpenBSD Secure Shell server.
[[0;32m  OK  [0m] Stopped Authenticate and Authorize Users to Run Privileged Tasks.
[[0;32m  OK  [0m] Stopped Getty on tty1.
[[0;32m  OK  [0m] Stopped Serial Getty on ttyS0.
[[0;32m  OK  [0m] Stopped Daemon for generating UUIDs.
[[0;32m  OK  [0m] Stopped User Manager for UID 1000.
[[0;32m  OK  [0m] Stopped Unattended Upgrades Shutdown.
[[0;32m  OK  [0m] Stopped D-Bus System Message Bus.
[[0;32m  OK  [0m] Stopped Session 7 of user ubuntu.
[[0;32m  OK  [0m] Stopped FUSE filesystem for LXC.
[[0;32m  OK  [0m] Stopped LSB: Set the CPU Frequency Scaling governor to "ondemand".
[[0;32m  OK  [0m] Stopped LSB: SGE Execution Daemon init script.
[[0;32m  OK  [0m] Stopped LSB: automatic crash report generation.
[[0;32m  OK  [0m] Stopped LXD - container startup/shutdown.
[[0;32m  OK  [0m] Stopped LSB: daemon to balance interrupts for SMP systems.
[[0;32m  OK  [0m] Stopped LSB: MD monitoring daemon.
[[0;32m  OK  [0m] Stopped LSB: VirtualBox Linux Additions.
[[0;32m  OK  [0m] Stopped LSB: Postfix Mail Transport Agent.
[[0;32m  OK  [0m] Stopped LSB: Record successful boot for GRUB.
[[0;32m  OK  [0m] Stopped LSB: SGE Master daemon init script.
[[0;32m  OK  [0m] Stopped target System Time Synchronized.
[[0;32m  OK  [0m] Stopped target Host and Network Name Lookups.
         Stopping BIND Domain Name Server...
[[0;32m  OK  [0m] Removed slice User Slice of ubuntu.
         Stopping Login Service...
[[0;32m  OK  [0m] Removed slice system-serial\x2dgetty.slice.
[[0;32m  OK  [0m] Stopped /etc/rc.local Compatibility.
[[0;32m  OK  [0m] Removed slice system-getty.slice.
         Stopping Permit User Sessions...
[[0;32m  OK  [0m] Stopped Login Service.
[[0;32m  OK  [0m] Stopped BIND Domain Name Server.
[[0;32m  OK  [0m] Stopped Permit User Sessions.
[[0;32m  OK  [0m] Stopped target Remote File Systems.
[[0;32m  OK  [0m] Stopped target Remote File Systems (Pre).
         Stopping Login to default iSCSI targets...
[[0;32m  OK  [0m] Stopped target NFS client services.
         Stopping RPC bind portmap service...
         Stopping NFS server and services...
[[0;32m  OK  [0m] Stopped target User and Group Name Lookups.
[[0;32m  OK  [0m] Stopped target Basic System.
[[0;32m  OK  [0m] Stopped target Sockets.
[[0;32m  OK  [0m] Closed LXD - unix socket.
[[0;32m  OK  [0m] Closed D-Bus System Message Bus Socket.
[[0;32m  OK  [0m] Closed Syslog Socket.
[[0;32m  OK  [0m] Closed ACPID Listen Socket.
[[0;32m  OK  [0m] Closed UUID daemon activation socket.
[[0;32m  OK  [0m] Closed Socket activation for snappy daemon.
[[0;32m  OK  [0m] Stopped target Paths.
[[0;32m  OK  [0m] Stopped Dispatch Password Requests to Console Directory Watch.
[[0;32m  OK  [0m] Stopped Forward Password Requests to Wall Directory Watch.
[[0;32m  OK  [0m] Stopped ACPI Events Check.
[[0;32m  OK  [0m] Stopped target Slices.
[[0;32m  OK  [0m] Removed slice User and Session Slice.
[[0;32m  OK  [0m] Stopped RPC bind portmap service.
[[0;32m  OK  [0m] Stopped NFS server and services.
[[0;32m  OK  [0m] Stopped Login to default iSCSI targets.
         Stopping iSCSI initiator daemon (iscsid)...
         Stopping NFS Mount Daemon...
         Stopping NFSv4 ID-name mapping service...
[[0;32m  OK  [0m] Stopped NFSv4 ID-name mapping service.
[[0;32m  OK  [0m] Stopped iSCSI initiator daemon (iscsid).
[[0;32m  OK  [0m] Stopped NFS Mount Daemon.
[[0;32m  OK  [0m] Closed RPCbind Server Activation Socket.
[[0;32m  OK  [0m] Stopped target System Initialization.
[[0;32m  OK  [0m] Stopped target Encrypted Volumes.
         Stopping Load/Save Random Seed...
[[0;32m  OK  [0m] Stopped target Swap.
         Stopping Update UTMP about System Boot/Shutdown...
[[0;32m  OK  [0m] Stopped target Network is Online.
[[0;32m  OK  [0m] Stopped Initial cloud-init job (metadata service crawler).
[[0;32m  OK  [0m] Stopped target Network.
         Stopping Raise network interfaces...
         Unmounting RPC Pipe File System...
[[0;32m  OK  [0m] Stopped Load/Save Random Seed.
[[0;32m  OK  [0m] Unmounted RPC Pipe File System.
[[0;32m  OK  [0m] Stopped Update UTMP about System Boot/Shutdown.
[[0;32m  OK  [0m] Stopped Create Volatile Files and Directories.
[[0;32m  OK  [0m] Stopped Raise network interfaces.
[[0;32m  OK  [0m] Stopped target Local File Systems.
         Unmounting /run/user/1000...
         Unmounting /vagrant...
[[0;32m  OK  [0m] Stopped Apply Kernel Variables.
[[0;32m  OK  [0m] Stopped target Network (Pre).
[[0;32m  OK  [0m] Stopped Initial cloud-init job (pre-networking).
[[0;32m  OK  [0m] Stopped Load Kernel Modules.
[[0;32m  OK  [0m] Unmounted /run/user/1000.
[[0;1;31mFAILED[0m] Failed unmounting /vagrant.
[[0;32m  OK  [0m] Reached target Unmount All Filesystems.
[[0;32m  OK  [0m] Stopped target Local File Systems (Pre).
[[0;32m  OK  [0m] Stopped Remount Root and Kernel File Systems.
[[0;32m  OK  [0m] Stopped Create Static Device Nodes in /dev.
[[0;32m  OK  [0m] Reached target Shutdown.
[12565.726950] reboot: Power down
